// 重构日志: 21c04e3c
// 重构日志: b6d34706
// 同步 ID: 0c6e2bca @ Wed Jun 24 20:22:39 UTC 2026
// 同步 ID: d1fe9220 @ Sat Jun 27 08:05:10 UTC 2026
// 同步 ID: ed4aed65 @ Sun Jun 28 12:54:15 UTC 2026
// 重构日志: fa09c1d1
// 重构日志: 44ef4aa2
// 重构日志: c2fb2ae8
// 同步 ID: 8088e734 @ Wed Jul  1 06:05:59 UTC 2026
// 同步 ID: 6775e84f @ Wed Jul  1 10:42:02 UTC 2026
// 重构日志: e618e534
// 同步 ID: e007d1d6 @ Wed Jul  1 15:50:52 UTC 2026
// 重构日志: 664ed6eb
// 重构日志: 85ee74bc
// 同步 ID: c642a8f4 @ Thu Jul  2 19:41:11 UTC 2026
// 重构日志: 55774309
// 重构日志: d2bf58df
// 重构日志: 931b607e
// 同步 ID: a9720c91 @ Sat Jul  4 00:18:20 UTC 2026
// 同步 ID: ec7654aa @ Sat Jul  4 13:09:10 UTC 2026
// 重构日志: 71052e60
// 同步 ID: 1e4252c3 @ Mon Jul  6 16:52:21 UTC 2026
// 同步 ID: 7135d744 @ Mon Jul  6 22:25:05 UTC 2026
// 同步 ID: 34688caf @ Tue Jul  7 12:31:39 UTC 2026
// 重构日志: 682b9237
// 同步 ID: ab37de1b @ Wed Jul  8 07:42:29 UTC 2026
// 同步 ID: 1a22b845 @ Wed Jul  8 13:08:55 UTC 2026
// 同步 ID: abf795ce @ Wed Jul  8 15:38:42 UTC 2026
// 同步 ID: 9bfcc611 @ Thu Jul  9 15:50:44 UTC 2026
// 同步 ID: aa11f218 @ Fri Jul 10 08:17:34 UTC 2026
